<?xml version="1.0" encoding="UTF-8"?>
<!-- Generated by org.testng.reporters.JUnitXMLReporter -->
<testsuite hostname="ADLP112" ignored="0" name="Test" tests="2" failures="1" timestamp="2020-07-06T22:31:20 IST" time="61.152" errors="0">
  <testcase name="test1" time="46.012" classname="tesst.two"/>
  <testcase name="test1" time="46.043" classname="tesst.two">
    <failure type="java.lang.NullPointerException">
      <![CDATA[java.lang.NullPointerException
at tesst.BaseCapability.getscreenshot(BaseCapability.java:67)
at tesst.ListenerClass.onTestSuccess(ListenerClass.java:23)
at java.util.ArrayList.forEach(Unknown Source)
... Removed 24 stack frames]]>
    </failure>
  </testcase> <!-- test1 -->
</testsuite> <!-- Test -->
