<?xml version="1.0" encoding="UTF-8"?>
<!-- Generated by org.testng.reporters.JUnitXMLReporter -->
<testsuite hostname="ADLP112" ignored="0" name="Test" tests="2" failures="1" timestamp="2020-07-07T11:57:16 IST" time="57.189" errors="0">
  <testcase name="test1" time="42.055" classname="resources.two"/>
  <testcase name="test1" time="42.085" classname="resources.two">
    <failure type="java.lang.NullPointerException">
      <![CDATA[java.lang.NullPointerException
at tesst.BaseCapability.getscreenshot(BaseCapability.java:67)
at resources.ListenerClass.onTestSuccess(ListenerClass.java:25)
at java.util.ArrayList.forEach(ArrayList.java:1257)
... Removed 28 stack frames]]>
    </failure>
  </testcase> <!-- test1 -->
</testsuite> <!-- Test -->
