-------------------------------------------------------------------------------
Test set: TestSuite
-------------------------------------------------------------------------------
Tests run: 2, Failures: 1, Errors: 0, Skipped: 0, Time elapsed: 59.111 s <<< FAILURE! - in TestSuite
resources.two.test1  Time elapsed: 42.07 s  <<< FAILURE!
java.lang.NullPointerException

