<?xml version="1.0" encoding="UTF-8"?>
<testng-results skipped="0" failed="0" ignored="0" total="2" passed="2">
  <reporter-output>
  </reporter-output>
  <suite name="Default suite" duration-ms="99" started-at="2020-07-07T10:01:38 IST" finished-at="2020-07-07T10:01:38 IST">
    <groups>
    </groups>
    <test name="Default test" duration-ms="99" started-at="2020-07-07T10:01:38 IST" finished-at="2020-07-07T10:01:38 IST">
      <class name="tesst.providerTestCase">
        <test-method status="PASS" signature="testdataresult(java.lang.String)[pri:0, instance:tesst.providerTestCase@5a1c0542]" name="testdataresult" duration-ms="11" started-at="2020-07-07T10:01:38 IST" data-provider="InputData" finished-at="2020-07-07T10:01:38 IST">
          <params>
            <param index="0">
              <value>
                <![CDATA[ajay]]>
              </value>
            </param>
          </params>
          <reporter-output>
          </reporter-output>
        </test-method> <!-- testdataresult -->
        <test-method status="PASS" signature="testdataresult(java.lang.String)[pri:0, instance:tesst.providerTestCase@5a1c0542]" name="testdataresult" duration-ms="4" started-at="2020-07-07T10:01:38 IST" data-provider="InputData" finished-at="2020-07-07T10:01:38 IST">
          <params>
            <param index="0">
              <value>
                <![CDATA[vijay]]>
              </value>
            </param>
          </params>
          <reporter-output>
          </reporter-output>
        </test-method> <!-- testdataresult -->
      </class> <!-- tesst.providerTestCase -->
    </test> <!-- Default test -->
  </suite> <!-- Default suite -->
</testng-results>
